<?xml version="1.0" encoding="UTF-8"?>
<!-- Generated by org.testng.reporters.JUnitReportReporter -->
<testsuite hostname="Rameshs-MacBook-Pro.local" failures="0" tests="4" name="com.sdetlabs.s42.AddTest" time="0.013" errors="0" timestamp="2023-10-08T19:48:06 IST" skipped="0">
  <testcase classname="com.sdetlabs.s42.AddTest" name="addTestFloat" time="0.001"/>
  <system-out/>
  <testcase classname="com.sdetlabs.s42.AddTest" name="addTestLong" time="0.001"/>
  <system-out/>
  <testcase classname="com.sdetlabs.s42.AddTest" name="addTestInteger" time="0.002"/>
  <system-out/>
  <testcase classname="com.sdetlabs.s42.AddTest" name="addTestDouble" time="0.009"/>
  <system-out/>
</testsuite> <!-- com.sdetlabs.s42.AddTest -->
