<?xml version="1.0" encoding="UTF-8"?>
<!-- Generated by org.testng.reporters.JUnitReportReporter -->
<testsuite hostname="Rameshs-MacBook-Pro.local" failures="0" tests="4" name="com.sdetlabs.s42.AddTest" time="0.005" errors="0" timestamp="2023-10-08T20:19:41 IST" skipped="0">
  <testcase classname="com.sdetlabs.s42.AddTest" name="addTestDouble" time="0.004"/>
  <testcase classname="com.sdetlabs.s42.AddTest" name="addTestInteger" time="0.001"/>
  <testcase classname="com.sdetlabs.s42.AddTest" name="addTestLong" time="0.000"/>
  <testcase classname="com.sdetlabs.s42.AddTest" name="addTestFloat" time="0.000"/>
</testsuite> <!-- com.sdetlabs.s42.AddTest -->
